[2025-02-14 17:27:12] local.ERROR: Please provide a valid cache path. {"exception":"[object] (InvalidArgumentException(code: 0): Please provide a valid cache path. at D:\\Sinau\\Laravel\\cosmetic\\cosmeticbwa\\vendor\\laravel\\framework\\src\\Illuminate\\View\\Compilers\\Compiler.php:67)
[stacktrace]
#0 D:\\Sinau\\Laravel\\cosmetic\\cosmeticbwa\\vendor\\laravel\\framework\\src\\Illuminate\\View\\ViewServiceProvider.php(97): Illuminate\\View\\Compilers\\Compiler->__construct(Object(Illuminate\\Filesystem\\Filesystem), false, '', true, 'php')
#1 D:\\Sinau\\Laravel\\cosmetic\\cosmeticbwa\\vendor\\laravel\\framework\\src\\Illuminate\\Container\\Container.php(937): Illuminate\\View\\ViewServiceProvider->{closure:Illuminate\\View\\ViewServiceProvider::registerBladeCompiler():96}(Object(Illuminate\\Foundation\\Application), Array)
#2 D:\\Sinau\\Laravel\\cosmetic\\cosmeticbwa\\vendor\\laravel\\framework\\src\\Illuminate\\Container\\Container.php(819): Illuminate\\Container\\Container->build(Object(Closure))
#3 D:\\Sinau\\Laravel\\cosmetic\\cosmeticbwa\\vendor\\laravel\\framework\\src\\Illuminate\\Foundation\\Application.php(1074): Illuminate\\Container\\Container->resolve('blade.compiler', Array, true)
#4 D:\\Sinau\\Laravel\\cosmetic\\cosmeticbwa\\vendor\\laravel\\framework\\src\\Illuminate\\Container\\Container.php(755): Illuminate\\Foundation\\Application->resolve('blade.compiler', Array)
#5 D:\\Sinau\\Laravel\\cosmetic\\cosmeticbwa\\vendor\\laravel\\framework\\src\\Illuminate\\Foundation\\Application.php(1056): Illuminate\\Container\\Container->make('blade.compiler', Array)
#6 D:\\Sinau\\Laravel\\cosmetic\\cosmeticbwa\\vendor\\laravel\\framework\\src\\Illuminate\\Container\\Container.php(1565): Illuminate\\Foundation\\Application->make('blade.compiler')
#7 D:\\Sinau\\Laravel\\cosmetic\\cosmeticbwa\\vendor\\laravel\\framework\\src\\Illuminate\\Support\\Facades\\Facade.php(239): Illuminate\\Container\\Container->offsetGet('blade.compiler')
#8 D:\\Sinau\\Laravel\\cosmetic\\cosmeticbwa\\vendor\\laravel\\framework\\src\\Illuminate\\Support\\Facades\\Facade.php(210): Illuminate\\Support\\Facades\\Facade::resolveFacadeInstance('blade.compiler')
#9 D:\\Sinau\\Laravel\\cosmetic\\cosmeticbwa\\vendor\\laravel\\framework\\src\\Illuminate\\Support\\Facades\\Facade.php(355): Illuminate\\Support\\Facades\\Facade::getFacadeRoot()
#10 D:\\Sinau\\Laravel\\cosmetic\\cosmeticbwa\\vendor\\blade-ui-kit\\blade-icons\\src\\BladeIconsServiceProvider.php(106): Illuminate\\Support\\Facades\\Facade::__callStatic('directive', Array)
#11 D:\\Sinau\\Laravel\\cosmetic\\cosmeticbwa\\vendor\\blade-ui-kit\\blade-icons\\src\\BladeIconsServiceProvider.php(27): BladeUI\\Icons\\BladeIconsServiceProvider->bootDirectives()
#12 D:\\Sinau\\Laravel\\cosmetic\\cosmeticbwa\\vendor\\laravel\\framework\\src\\Illuminate\\Container\\BoundMethod.php(36): BladeUI\\Icons\\BladeIconsServiceProvider->boot()
#13 D:\\Sinau\\Laravel\\cosmetic\\cosmeticbwa\\vendor\\laravel\\framework\\src\\Illuminate\\Container\\Util.php(43): Illuminate\\Container\\BoundMethod::{closure:Illuminate\\Container\\BoundMethod::call():35}()
#14 D:\\Sinau\\Laravel\\cosmetic\\cosmeticbwa\\vendor\\laravel\\framework\\src\\Illuminate\\Container\\BoundMethod.php(95): Illuminate\\Container\\Util::unwrapIfClosure(Object(Closure))
#15 D:\\Sinau\\Laravel\\cosmetic\\cosmeticbwa\\vendor\\laravel\\framework\\src\\Illuminate\\Container\\BoundMethod.php(35): Illuminate\\Container\\BoundMethod::callBoundMethod(Object(Illuminate\\Foundation\\Application), Array, Object(Closure))
#16 D:\\Sinau\\Laravel\\cosmetic\\cosmeticbwa\\vendor\\laravel\\framework\\src\\Illuminate\\Container\\Container.php(694): Illuminate\\Container\\BoundMethod::call(Object(Illuminate\\Foundation\\Application), Array, Array, NULL)
#17 D:\\Sinau\\Laravel\\cosmetic\\cosmeticbwa\\vendor\\laravel\\framework\\src\\Illuminate\\Foundation\\Application.php(1147): Illuminate\\Container\\Container->call(Array)
#18 D:\\Sinau\\Laravel\\cosmetic\\cosmeticbwa\\vendor\\laravel\\framework\\src\\Illuminate\\Foundation\\Application.php(1128): Illuminate\\Foundation\\Application->bootProvider(Object(BladeUI\\Icons\\BladeIconsServiceProvider))
#19 [internal function]: Illuminate\\Foundation\\Application->{closure:Illuminate\\Foundation\\Application::boot():1127}(Object(BladeUI\\Icons\\BladeIconsServiceProvider), 'BladeUI\\\\Icons\\\\B...')
#20 D:\\Sinau\\Laravel\\cosmetic\\cosmeticbwa\\vendor\\laravel\\framework\\src\\Illuminate\\Foundation\\Application.php(1127): array_walk(Array, Object(Closure))
#21 D:\\Sinau\\Laravel\\cosmetic\\cosmeticbwa\\vendor\\laravel\\framework\\src\\Illuminate\\Foundation\\Bootstrap\\BootProviders.php(17): Illuminate\\Foundation\\Application->boot()
#22 D:\\Sinau\\Laravel\\cosmetic\\cosmeticbwa\\vendor\\laravel\\framework\\src\\Illuminate\\Foundation\\Application.php(342): Illuminate\\Foundation\\Bootstrap\\BootProviders->bootstrap(Object(Illuminate\\Foundation\\Application))
#23 D:\\Sinau\\Laravel\\cosmetic\\cosmeticbwa\\vendor\\laravel\\framework\\src\\Illuminate\\Foundation\\Console\\Kernel.php(474): Illuminate\\Foundation\\Application->bootstrapWith(Array)
#24 D:\\Sinau\\Laravel\\cosmetic\\cosmeticbwa\\vendor\\laravel\\framework\\src\\Illuminate\\Foundation\\Console\\Kernel.php(196): Illuminate\\Foundation\\Console\\Kernel->bootstrap()
#25 Command line code(1): Illuminate\\Foundation\\Console\\Kernel->handle(Object(Symfony\\Component\\Console\\Input\\ArgvInput), Object(Symfony\\Component\\Console\\Output\\ConsoleOutput))
#26 {main}
"} 
[2025-02-14 17:28:12] local.ERROR: Please provide a valid cache path. {"exception":"[object] (InvalidArgumentException(code: 0): Please provide a valid cache path. at D:\\Sinau\\Laravel\\cosmetic\\cosmeticbwa\\vendor\\laravel\\framework\\src\\Illuminate\\View\\Compilers\\Compiler.php:67)
[stacktrace]
#0 D:\\Sinau\\Laravel\\cosmetic\\cosmeticbwa\\vendor\\laravel\\framework\\src\\Illuminate\\View\\ViewServiceProvider.php(97): Illuminate\\View\\Compilers\\Compiler->__construct(Object(Illuminate\\Filesystem\\Filesystem), false, '', true, 'php')
#1 D:\\Sinau\\Laravel\\cosmetic\\cosmeticbwa\\vendor\\laravel\\framework\\src\\Illuminate\\Container\\Container.php(937): Illuminate\\View\\ViewServiceProvider->{closure:Illuminate\\View\\ViewServiceProvider::registerBladeCompiler():96}(Object(Illuminate\\Foundation\\Application), Array)
#2 D:\\Sinau\\Laravel\\cosmetic\\cosmeticbwa\\vendor\\laravel\\framework\\src\\Illuminate\\Container\\Container.php(819): Illuminate\\Container\\Container->build(Object(Closure))
#3 D:\\Sinau\\Laravel\\cosmetic\\cosmeticbwa\\vendor\\laravel\\framework\\src\\Illuminate\\Foundation\\Application.php(1074): Illuminate\\Container\\Container->resolve('blade.compiler', Array, true)
#4 D:\\Sinau\\Laravel\\cosmetic\\cosmeticbwa\\vendor\\laravel\\framework\\src\\Illuminate\\Container\\Container.php(755): Illuminate\\Foundation\\Application->resolve('blade.compiler', Array)
#5 D:\\Sinau\\Laravel\\cosmetic\\cosmeticbwa\\vendor\\laravel\\framework\\src\\Illuminate\\Foundation\\Application.php(1056): Illuminate\\Container\\Container->make('blade.compiler', Array)
#6 D:\\Sinau\\Laravel\\cosmetic\\cosmeticbwa\\vendor\\laravel\\framework\\src\\Illuminate\\Container\\Container.php(1565): Illuminate\\Foundation\\Application->make('blade.compiler')
#7 D:\\Sinau\\Laravel\\cosmetic\\cosmeticbwa\\vendor\\laravel\\framework\\src\\Illuminate\\Support\\Facades\\Facade.php(239): Illuminate\\Container\\Container->offsetGet('blade.compiler')
#8 D:\\Sinau\\Laravel\\cosmetic\\cosmeticbwa\\vendor\\laravel\\framework\\src\\Illuminate\\Support\\Facades\\Facade.php(210): Illuminate\\Support\\Facades\\Facade::resolveFacadeInstance('blade.compiler')
#9 D:\\Sinau\\Laravel\\cosmetic\\cosmeticbwa\\vendor\\laravel\\framework\\src\\Illuminate\\Support\\Facades\\Facade.php(355): Illuminate\\Support\\Facades\\Facade::getFacadeRoot()
#10 D:\\Sinau\\Laravel\\cosmetic\\cosmeticbwa\\vendor\\blade-ui-kit\\blade-icons\\src\\BladeIconsServiceProvider.php(106): Illuminate\\Support\\Facades\\Facade::__callStatic('directive', Array)
#11 D:\\Sinau\\Laravel\\cosmetic\\cosmeticbwa\\vendor\\blade-ui-kit\\blade-icons\\src\\BladeIconsServiceProvider.php(27): BladeUI\\Icons\\BladeIconsServiceProvider->bootDirectives()
#12 D:\\Sinau\\Laravel\\cosmetic\\cosmeticbwa\\vendor\\laravel\\framework\\src\\Illuminate\\Container\\BoundMethod.php(36): BladeUI\\Icons\\BladeIconsServiceProvider->boot()
#13 D:\\Sinau\\Laravel\\cosmetic\\cosmeticbwa\\vendor\\laravel\\framework\\src\\Illuminate\\Container\\Util.php(43): Illuminate\\Container\\BoundMethod::{closure:Illuminate\\Container\\BoundMethod::call():35}()
#14 D:\\Sinau\\Laravel\\cosmetic\\cosmeticbwa\\vendor\\laravel\\framework\\src\\Illuminate\\Container\\BoundMethod.php(95): Illuminate\\Container\\Util::unwrapIfClosure(Object(Closure))
#15 D:\\Sinau\\Laravel\\cosmetic\\cosmeticbwa\\vendor\\laravel\\framework\\src\\Illuminate\\Container\\BoundMethod.php(35): Illuminate\\Container\\BoundMethod::callBoundMethod(Object(Illuminate\\Foundation\\Application), Array, Object(Closure))
#16 D:\\Sinau\\Laravel\\cosmetic\\cosmeticbwa\\vendor\\laravel\\framework\\src\\Illuminate\\Container\\Container.php(694): Illuminate\\Container\\BoundMethod::call(Object(Illuminate\\Foundation\\Application), Array, Array, NULL)
#17 D:\\Sinau\\Laravel\\cosmetic\\cosmeticbwa\\vendor\\laravel\\framework\\src\\Illuminate\\Foundation\\Application.php(1147): Illuminate\\Container\\Container->call(Array)
#18 D:\\Sinau\\Laravel\\cosmetic\\cosmeticbwa\\vendor\\laravel\\framework\\src\\Illuminate\\Foundation\\Application.php(1128): Illuminate\\Foundation\\Application->bootProvider(Object(BladeUI\\Icons\\BladeIconsServiceProvider))
#19 [internal function]: Illuminate\\Foundation\\Application->{closure:Illuminate\\Foundation\\Application::boot():1127}(Object(BladeUI\\Icons\\BladeIconsServiceProvider), 'BladeUI\\\\Icons\\\\B...')
#20 D:\\Sinau\\Laravel\\cosmetic\\cosmeticbwa\\vendor\\laravel\\framework\\src\\Illuminate\\Foundation\\Application.php(1127): array_walk(Array, Object(Closure))
#21 D:\\Sinau\\Laravel\\cosmetic\\cosmeticbwa\\vendor\\laravel\\framework\\src\\Illuminate\\Foundation\\Bootstrap\\BootProviders.php(17): Illuminate\\Foundation\\Application->boot()
#22 D:\\Sinau\\Laravel\\cosmetic\\cosmeticbwa\\vendor\\laravel\\framework\\src\\Illuminate\\Foundation\\Application.php(342): Illuminate\\Foundation\\Bootstrap\\BootProviders->bootstrap(Object(Illuminate\\Foundation\\Application))
#23 D:\\Sinau\\Laravel\\cosmetic\\cosmeticbwa\\vendor\\laravel\\framework\\src\\Illuminate\\Foundation\\Console\\Kernel.php(474): Illuminate\\Foundation\\Application->bootstrapWith(Array)
#24 D:\\Sinau\\Laravel\\cosmetic\\cosmeticbwa\\vendor\\laravel\\framework\\src\\Illuminate\\Foundation\\Console\\Kernel.php(196): Illuminate\\Foundation\\Console\\Kernel->bootstrap()
#25 Command line code(1): Illuminate\\Foundation\\Console\\Kernel->handle(Object(Symfony\\Component\\Console\\Input\\ArgvInput), Object(Symfony\\Component\\Console\\Output\\ConsoleOutput))
#26 {main}
"} 
